<?xml version="1.0" encoding="UTF-8"?>
<testsuite name="com.example.crudwithvaadin.CrudWithVaadinApplicationTests" tests="2" skipped="0" failures="0" errors="0" timestamp="2024-11-01T15:26:25" hostname="kaharman.local" time="0.659">
  <properties/>
  <testcase name="shouldFindTwoBauerCustomers()" classname="com.example.crudwithvaadin.CrudWithVaadinApplicationTests" time="0.481"/>
  <testcase name="shouldFillOutComponentsWithDataWhenTheApplicationIsStarted()" classname="com.example.crudwithvaadin.CrudWithVaadinApplicationTests" time="0.176"/>
  <system-out><![CDATA[
  .   ____          _            __ _ _
 /\\ / ___'_ __ _ _(_)_ __  __ _ \ \ \ \
( ( )\___ | '_ | '_| | '_ \/ _` | \ \ \ \
 \\/  ___)| |_)| | | | | || (_| |  ) ) ) )
  '  |____| .__|_| |_|_| |_\__, | / / / /
 =========|_|==============|___/=/_/_/_/

 :: Spring Boot ::                (v3.3.1)

2024-11-01T22:26:21.922+07:00  INFO 32176 --- [    Test worker] c.e.c.CrudWithVaadinApplicationTests     : Starting CrudWithVaadinApplicationTests using Java 23.0.1 with PID 32176 (started by kaharman in /Users/kaharman/workspace/bion/gs-crud-with-vaadin/complete)
2024-11-01T22:26:21.926+07:00  INFO 32176 --- [    Test worker] c.e.c.CrudWithVaadinApplicationTests     : No active profile set, falling back to 1 default profile: "default"
2024-11-01T22:26:22.697+07:00  INFO 32176 --- [    Test worker] .s.d.r.c.RepositoryConfigurationDelegate : Bootstrapping Spring Data JPA repositories in DEFAULT mode.
2024-11-01T22:26:22.819+07:00  INFO 32176 --- [    Test worker] .s.d.r.c.RepositoryConfigurationDelegate : Finished Spring Data repository scanning in 113 ms. Found 1 JPA repository interface.
2024-11-01T22:26:23.246+07:00  INFO 32176 --- [    Test worker] com.zaxxer.hikari.HikariDataSource       : HikariPool-1 - Starting...
2024-11-01T22:26:23.384+07:00  INFO 32176 --- [    Test worker] com.zaxxer.hikari.pool.HikariPool        : HikariPool-1 - Added connection conn0: url=jdbc:h2:mem:6340ea21-1351-4eca-9159-987ae499af8f user=SA
2024-11-01T22:26:23.385+07:00  INFO 32176 --- [    Test worker] com.zaxxer.hikari.HikariDataSource       : HikariPool-1 - Start completed.
2024-11-01T22:26:23.425+07:00  INFO 32176 --- [    Test worker] o.hibernate.jpa.internal.util.LogHelper  : HHH000204: Processing PersistenceUnitInfo [name: default]
2024-11-01T22:26:23.464+07:00  INFO 32176 --- [    Test worker] org.hibernate.Version                    : HHH000412: Hibernate ORM core version 6.5.2.Final
2024-11-01T22:26:23.489+07:00  INFO 32176 --- [    Test worker] o.h.c.internal.RegionFactoryInitiator    : HHH000026: Second-level cache disabled
2024-11-01T22:26:23.724+07:00  INFO 32176 --- [    Test worker] o.s.o.j.p.SpringPersistenceUnitInfo      : No LoadTimeWeaver setup: ignoring JPA class transformer
2024-11-01T22:26:24.408+07:00  INFO 32176 --- [    Test worker] o.h.e.t.j.p.i.JtaPlatformInitiator       : HHH000489: No JTA platform available (set 'hibernate.transaction.jta.platform' to enable JTA platform integration)
2024-11-01T22:26:24.437+07:00  INFO 32176 --- [    Test worker] j.LocalContainerEntityManagerFactoryBean : Initialized JPA EntityManagerFactory for persistence unit 'default'
2024-11-01T22:26:24.826+07:00  WARN 32176 --- [    Test worker] JpaBaseConfiguration$JpaWebConfiguration : spring.jpa.open-in-view is enabled by default. Therefore, database queries may be performed during view rendering. Explicitly configure spring.jpa.open-in-view to disable this warning
2024-11-01T22:26:25.113+07:00  INFO 32176 --- [    Test worker] org.atmosphere.cpr.AtmosphereFramework   : Installed AtmosphereHandler com.vaadin.hilla.push.PushEndpoint mapped to context-path: /HILLA/push
2024-11-01T22:26:25.113+07:00  INFO 32176 --- [    Test worker] org.atmosphere.cpr.AtmosphereFramework   : Installed the following AtmosphereInterceptor mapped to AtmosphereHandler com.vaadin.hilla.push.PushEndpoint
2024-11-01T22:26:25.113+07:00  INFO 32176 --- [    Test worker] org.atmosphere.cpr.AtmosphereFramework   : 	org.atmosphere.interceptor.AtmosphereResourceLifecycleInterceptor : Atmosphere LifeCycle
2024-11-01T22:26:25.113+07:00  INFO 32176 --- [    Test worker] org.atmosphere.cpr.AtmosphereFramework   : 	org.atmosphere.client.TrackMessageSizeInterceptor :  Track Message Size Interceptor using |
2024-11-01T22:26:25.113+07:00  INFO 32176 --- [    Test worker] org.atmosphere.cpr.AtmosphereFramework   : 	org.atmosphere.interceptor.SuspendTrackerInterceptor : UUID Tracking Interceptor
2024-11-01T22:26:25.205+07:00  INFO 32176 --- [    Test worker] c.e.c.CrudWithVaadinApplicationTests     : Started CrudWithVaadinApplicationTests in 3.458 seconds (process running for 4.578)
2024-11-01T22:26:25.267+07:00  INFO 32176 --- [    Test worker] c.e.c.CrudWithVaadinApplication          : Customers found with findAll():
2024-11-01T22:26:25.267+07:00  INFO 32176 --- [    Test worker] c.e.c.CrudWithVaadinApplication          : -------------------------------
2024-11-01T22:26:25.347+07:00  INFO 32176 --- [    Test worker] c.e.c.CrudWithVaadinApplication          : Customer[id=1, firstName='Jack', lastName='Bauer']
2024-11-01T22:26:25.347+07:00  INFO 32176 --- [    Test worker] c.e.c.CrudWithVaadinApplication          : Customer[id=2, firstName='Chloe', lastName='O'Brian']
2024-11-01T22:26:25.347+07:00  INFO 32176 --- [    Test worker] c.e.c.CrudWithVaadinApplication          : Customer[id=3, firstName='Kim', lastName='Bauer']
2024-11-01T22:26:25.347+07:00  INFO 32176 --- [    Test worker] c.e.c.CrudWithVaadinApplication          : Customer[id=4, firstName='David', lastName='Palmer']
2024-11-01T22:26:25.347+07:00  INFO 32176 --- [    Test worker] c.e.c.CrudWithVaadinApplication          : Customer[id=5, firstName='Michelle', lastName='Dessler']
2024-11-01T22:26:25.347+07:00  INFO 32176 --- [    Test worker] c.e.c.CrudWithVaadinApplication          : 
2024-11-01T22:26:25.354+07:00  INFO 32176 --- [    Test worker] c.e.c.CrudWithVaadinApplication          : Customer found with findOne(1L):
2024-11-01T22:26:25.354+07:00  INFO 32176 --- [    Test worker] c.e.c.CrudWithVaadinApplication          : --------------------------------
2024-11-01T22:26:25.354+07:00  INFO 32176 --- [    Test worker] c.e.c.CrudWithVaadinApplication          : Customer[id=1, firstName='Jack', lastName='Bauer']
2024-11-01T22:26:25.354+07:00  INFO 32176 --- [    Test worker] c.e.c.CrudWithVaadinApplication          : 
2024-11-01T22:26:25.354+07:00  INFO 32176 --- [    Test worker] c.e.c.CrudWithVaadinApplication          : Customer found with findByLastNameStartsWithIgnoreCase('Bauer'):
2024-11-01T22:26:25.354+07:00  INFO 32176 --- [    Test worker] c.e.c.CrudWithVaadinApplication          : --------------------------------------------
2024-11-01T22:26:25.407+07:00  INFO 32176 --- [    Test worker] c.e.c.CrudWithVaadinApplication          : Customer[id=1, firstName='Jack', lastName='Bauer']
2024-11-01T22:26:25.407+07:00  INFO 32176 --- [    Test worker] c.e.c.CrudWithVaadinApplication          : Customer[id=3, firstName='Kim', lastName='Bauer']
2024-11-01T22:26:25.407+07:00  INFO 32176 --- [    Test worker] c.e.c.CrudWithVaadinApplication          : 
]]></system-out>
  <system-err><![CDATA[WARNING: A Java agent has been loaded dynamically (/Users/kaharman/.gradle/caches/modules-2/files-2.1/net.bytebuddy/byte-buddy-agent/1.14.17/e3c251a39dc90badaf71c83427ba46840f219d8d/byte-buddy-agent-1.14.17.jar)
WARNING: If a serviceability tool is in use, please run with -XX:+EnableDynamicAgentLoading to hide this warning
WARNING: If a serviceability tool is not in use, please run with -Djdk.instrument.traceUsage for more information
WARNING: Dynamic loading of agents will be disallowed by default in a future release
]]></system-err>
</testsuite>
