<?xml version="1.0" encoding="UTF-8"?>
<testsuite name="com.example.crudwithvaadin.CustomerEditorTests" tests="2" skipped="0" failures="0" errors="0" timestamp="2024-11-01T15:26:26" hostname="kaharman.local" time="0.039">
  <properties/>
  <testcase name="shouldStoreCustomerInRepoWhenEditorSaveClicked()" classname="com.example.crudwithvaadin.CustomerEditorTests" time="0.029"/>
  <testcase name="shouldDeleteCustomerFromRepoWhenEditorDeleteClicked()" classname="com.example.crudwithvaadin.CustomerEditorTests" time="0.004"/>
  <system-out><![CDATA[2024-11-01T22:26:26.086+07:00  INFO 32176 --- [    Test worker] t.c.s.AnnotationConfigContextLoaderUtils : Could not detect default configuration classes for test class [com.example.crudwithvaadin.CustomerEditorTests]: CustomerEditorTests does not declare any static, non-private, non-final, nested classes annotated with @Configuration.
2024-11-01T22:26:26.093+07:00  INFO 32176 --- [    Test worker] .b.t.c.SpringBootTestContextBootstrapper : Found @SpringBootConfiguration com.example.crudwithvaadin.CrudWithVaadinApplication for test class com.example.crudwithvaadin.CustomerEditorTests
]]></system-out>
  <system-err><![CDATA[]]></system-err>
</testsuite>
